<?xml version="1.0" encoding="UTF-8"?>
<!-- Generated by org.testng.reporters.JUnitReportReporter -->
<testsuite hostname="DESKTOP-J08AITV" name="com.tyss.cucumberdemo.test.TestLaunch" tests="1" failures="0" timestamp="17 Jan 2020 06:04:33 GMT" time="21.793" errors="0">
  <testcase name="demoFacebook" time="21.793" classname="com.tyss.cucumberdemo.test.TestLaunch"/>
</testsuite> <!-- com.tyss.cucumberdemo.test.TestLaunch -->
