<?xml version="1.0" encoding="UTF-8"?>
<!-- Generated by org.testng.reporters.JUnitReportReporter -->
<testsuite hostname="DESKTOP-J08AITV" name="com.tyss.cucumberdemo.runner.RunClass" tests="1" failures="0" timestamp="17 Jan 2020 09:51:49 GMT" time="80.335" errors="0">
  <testcase name="feature" time="80.335" classname="com.tyss.cucumberdemo.runner.RunClass"/>
</testsuite> <!-- com.tyss.cucumberdemo.runner.RunClass -->
