<?xml version="1.0" encoding="UTF-8"?>
<!-- Generated by org.testng.reporters.JUnitReportReporter -->
<testsuite skipped="0" hostname="DESKTOP-J08AITV" name="com.tyss.anotations1.BaseClass" tests="1" failures="0" timestamp="16 Jan 2020 12:02:26 GMT" time="43.374" errors="0">
  <testcase name="myDemo" time="43.374" classname="com.tyss.anotations1.BaseClass"/>
</testsuite> <!-- com.tyss.anotations1.BaseClass -->
