<?xml version="1.0" encoding="UTF-8"?>
<!-- Generated by org.testng.reporters.JUnitReportReporter -->
<testsuite skipped="0" hostname="DESKTOP-J08AITV" name="com.tyss.testng.TestDemo2" tests="1" failures="0" timestamp="16 Jan 2020 11:37:51 GMT" time="20.026" errors="0">
  <testcase name="demo" time="20.026" classname="com.tyss.testng.TestDemo2"/>
</testsuite> <!-- com.tyss.testng.TestDemo2 -->
