<?xml version="1.0" encoding="UTF-8"?>
<!-- Generated by org.testng.reporters.JUnitReportReporter -->
<testsuite skipped="0" hostname="DESKTOP-J08AITV" name="com.tyss.testng.TestDemo1" tests="1" failures="0" timestamp="16 Jan 2020 11:37:51 GMT" time="20.400" errors="0">
  <testcase name="demo" time="20.400" classname="com.tyss.testng.TestDemo1"/>
</testsuite> <!-- com.tyss.testng.TestDemo1 -->
