<?xml version="1.0" encoding="UTF-8"?>
<!-- Generated by org.testng.reporters.JUnitReportReporter -->
<testsuite skipped="0" hostname="DESKTOP-J08AITV" name="com.tyss.anotations1.TestClass" tests="1" failures="0" timestamp="16 Jan 2020 12:11:59 GMT" time="33.692" errors="0">
  <testcase name="loginActi" time="33.692" classname="com.tyss.anotations1.TestClass"/>
</testsuite> <!-- com.tyss.anotations1.TestClass -->
