<?xml version="1.0" encoding="UTF-8"?>
<!-- Generated by org.testng.reporters.JUnitReportReporter -->
<testsuite skipped="0" hostname="DESKTOP-J08AITV" name="com.tyss.validations.Assertion" tests="2" failures="0" timestamp="16 Jan 2020 12:36:17 GMT" time="58.487" errors="0">
  <testcase name="test2" time="29.612" classname="com.tyss.validations.Assertion"/>
  <testcase name="test1" time="28.875" classname="com.tyss.validations.Assertion"/>
</testsuite> <!-- com.tyss.validations.Assertion -->
