<?xml version="1.0" encoding="UTF-8"?>
<!-- Generated by org.testng.reporters.JUnitReportReporter -->
<testsuite skipped="0" hostname="DESKTOP-J08AITV" name="com.tyss.seleniumdemo.TestNgAnnonation" tests="1" failures="0" timestamp="16 Jan 2020 11:32:49 GMT" time="20.322" errors="0">
  <testcase name="demo" time="20.322" classname="com.tyss.seleniumdemo.TestNgAnnonation"/>
</testsuite> <!-- com.tyss.seleniumdemo.TestNgAnnonation -->
