<?xml version="1.0" encoding="UTF-8"?>
<!-- Generated by org.testng.reporters.JUnitReportReporter -->
<testsuite skipped="0" hostname="DESKTOP-J08AITV" name="com.tyss.parallelmethods.TestDemo1" tests="3" failures="0" timestamp="16 Jan 2020 11:43:39 GMT" time="80.934" errors="0">
  <testcase name="demoFacebook" time="31.772" classname="com.tyss.parallelmethods.TestDemo1"/>
  <testcase name="demoGmail" time="30.030" classname="com.tyss.parallelmethods.TestDemo1"/>
  <testcase name="demoGoogle" time="19.132" classname="com.tyss.parallelmethods.TestDemo1"/>
</testsuite> <!-- com.tyss.parallelmethods.TestDemo1 -->
