<?xml version="1.0" encoding="UTF-8"?>
<!-- Generated by org.testng.reporters.JUnitReportReporter -->
<testsuite skipped="0" hostname="DESKTOP-J08AITV" name="com.tyss.executionflow.TestMyBase" tests="2" failures="0" timestamp="16 Jan 2020 12:22:15 GMT" time="0.052" errors="0">
  <testcase name="test2" time="0.021" classname="com.tyss.executionflow.TestMyBase"/>
  <testcase name="test1" time="0.031" classname="com.tyss.executionflow.TestMyBase"/>
</testsuite> <!-- com.tyss.executionflow.TestMyBase -->
